<?xml version="1.0" encoding="UTF-8"?>
<!-- Generated by org.testng.reporters.JUnitReportReporter -->
<testsuite hostname="dog" name="day05.yunsuan" tests="12" failures="0" timestamp="2 Jan 2019 02:47:08 GMT" time="0.008" errors="0">
  <testcase name="add" time="0.006" classname="day05.yunsuan"/>
  <testcase name="add" time="0.001" classname="day05.yunsuan"/>
  <testcase name="add2" time="0.000" classname="day05.yunsuan"/>
  <testcase name="add1" time="0.000" classname="day05.yunsuan"/>
  <testcase name="add1" time="0.000" classname="day05.yunsuan"/>
  <testcase name="add3" time="0.000" classname="day05.yunsuan"/>
  <testcase name="add2" time="0.000" classname="day05.yunsuan"/>
  <testcase name="add1" time="0.000" classname="day05.yunsuan"/>
  <testcase name="add3" time="0.000" classname="day05.yunsuan"/>
  <testcase name="add" time="0.001" classname="day05.yunsuan"/>
  <testcase name="add2" time="0.000" classname="day05.yunsuan"/>
  <testcase name="add3" time="0.000" classname="day05.yunsuan"/>
</testsuite> <!-- day05.yunsuan -->
